[debug] [2021-06-04T06:10:40.810Z] ----------------------------------------------------------------------
[debug] [2021-06-04T06:10:40.812Z] Command:       C:\Program Files\nodejs\node.exe C:\Users\HP\AppData\Roaming\npm\node_modules\firebase-tools\lib\bin\firebase.js init
[debug] [2021-06-04T06:10:40.812Z] CLI Version:   9.12.1
[debug] [2021-06-04T06:10:40.812Z] Platform:      win32
[debug] [2021-06-04T06:10:40.812Z] Node Version:  v12.16.3
[debug] [2021-06-04T06:10:40.813Z] Time:          Fri Jun 04 2021 11:40:40 GMT+0530 (India Standard Time)
[debug] [2021-06-04T06:10:40.813Z] ----------------------------------------------------------------------
[debug] 
[debug] [2021-06-04T06:10:40.819Z] > command requires scopes: ["email","openid","https://www.googleapis.com/auth/cloudplatformprojects.readonly","https://www.googleapis.com/auth/firebase","https://www.googleapis.com/auth/cloud-platform"]
[debug] [2021-06-04T06:10:40.819Z] > authorizing via signed-in user (pskdimanshu06@gmail.com)
[info] 
     ######## #### ########  ######## ########     ###     ######  ########
     ##        ##  ##     ## ##       ##     ##  ##   ##  ##       ##
     ######    ##  ########  ######   ########  #########  ######  ######
     ##        ##  ##    ##  ##       ##     ## ##     ##       ## ##
     ##       #### ##     ## ######## ########  ##     ##  ######  ########

You're about to initialize a Firebase project in this directory:

  C:\Users\HP\Desktop\Dgame

[info] 
=== Project Setup
[info] 
[info] First, let's associate this project directory with a Firebase project.
[info] You can create multiple project aliases by running firebase use --add, 
[info] but for now we'll just set up a default project.
[info] 
[debug] [2021-06-04T06:11:18.716Z] >>> [apiv2][query] GET https://firebase.googleapis.com/v1beta1/projects pageSize=100
[debug] [2021-06-04T06:11:19.613Z] <<< [apiv2][status] GET https://firebase.googleapis.com/v1beta1/projects 200
[debug] [2021-06-04T06:11:19.613Z] <<< [apiv2][body] GET https://firebase.googleapis.com/v1beta1/projects [omitted]
[info] i  Using project game-4b3bb (game) 
[info] 
=== Hosting Setup
[info] 
[info] Your public directory is the folder (relative to your project directory) that
[info] will contain Hosting assets to be uploaded with firebase deploy. If you
[info] have a build process for your assets, use your build's output directory.
[info] 
[info] +  Wrote y/404.html 
[debug] [2021-06-04T06:13:25.055Z] >>> [apiv2][query] GET https://www.gstatic.com/firebasejs/releases.json [none]
[debug] [2021-06-04T06:13:25.184Z] <<< [apiv2][status] GET https://www.gstatic.com/firebasejs/releases.json 200
[debug] [2021-06-04T06:13:25.184Z] <<< [apiv2][body] GET https://www.gstatic.com/firebasejs/releases.json {"current":{"version":"8.6.4","browserURL":"https://www.gstatic.com/firebasejs/8.6.4/firebase.js","packageURL":"https://www.gstatic.com/firebasejs/8.6.4/firebase.tgz"},"live":{"version":"8.6","browserURL":"https://www.gstatic.com/firebasejs/live/8.6/firebase.js","packageURL":"https://www.gstatic.com/firebasejs/live/8.6/firebase.tgz"},"components":{"analytics":"https://www.gstatic.com/firebasejs/8.6.4/firebase-analytics.js","app":"https://www.gstatic.com/firebasejs/8.6.4/firebase-app.js","app-check":"https://www.gstatic.com/firebasejs/8.6.4/firebase-app-check.js","auth":"https://www.gstatic.com/firebasejs/8.6.4/firebase-auth.js","database":"https://www.gstatic.com/firebasejs/8.6.4/firebase-database.js","firestore":"https://www.gstatic.com/firebasejs/8.6.4/firebase-firestore.js","functions":"https://www.gstatic.com/firebasejs/8.6.4/firebase-functions.js","installations":"https://www.gstatic.com/firebasejs/8.6.4/firebase-installations.js","messaging":"https://www.gstatic.com/firebasejs/8.6.4/firebase-messaging.js","storage":"https://www.gstatic.com/firebasejs/8.6.4/firebase-storage.js","performance":"https://www.gstatic.com/firebasejs/8.6.4/firebase-performance.js","remote-config":"https://www.gstatic.com/firebasejs/8.6.4/firebase-remote-config.js","firestore.memory":"https://www.gstatic.com/firebasejs/8.6.4/firebase-firestore.memory.js"}}
[info] +  Wrote y/index.html 
[info] 
[info] i  Didn't detect a .git folder. Assuming C:\Users\HP\Desktop\Dgame is the project root. 
[info] i  Authorizing with GitHub to upload your service account to a GitHub repository's secrets store. 
[info] 
[info] Visit this URL on this device to log in:
[info] https://github.com/login/oauth/authorize?client_id=89cf50f02ac6aaed3484&state=487102335&redirect_uri=http%3A%2F%2Flocalhost%3A9005&scope=read%3Auser%20repo%20public_repo
[info] 
[info] Waiting for authentication...
[debug] [2021-06-04T06:13:33.956Z] >>> HTTP REQUEST POST https://github.com/login/oauth/access_token  
 {"client_id":"89cf50f02ac6aaed3484","client_secret":"3330d14abc895d9a74d5f17cd7a00711fa2c5bf0","code":"e59e20c3f27b7925f557","redirect_uri":"http://localhost:9005","state":"487102335"}
[debug] [2021-06-04T06:13:34.271Z] <<< HTTP RESPONSE 200 {"server":"GitHub.com","date":"Fri, 04 Jun 2021 06:13:34 GMT","content-type":"application/json; charset=utf-8","transfer-encoding":"chunked","vary":"X-PJAX, Accept-Encoding, Accept, X-Requested-With","permissions-policy":"interest-cohort=()","etag":"W/\"563c3dd12787bebd9824890e549fbbe3\"","cache-control":"max-age=0, private, must-revalidate","strict-transport-security":"max-age=31536000; includeSubdomains; preload","x-frame-options":"deny","x-content-type-options":"nosniff","x-xss-protection":"0","referrer-policy":"origin-when-cross-origin, strict-origin-when-cross-origin","expect-ct":"max-age=2592000, report-uri=\"https://api.github.com/_private/browser/errors\"","content-security-policy":"default-src 'none'; base-uri 'self'; block-all-mixed-content; connect-src 'self' uploads.github.com www.githubstatus.com collector.githubapp.com api.github.com github-cloud.s3.amazonaws.com github-production-repository-file-5c1aeb.s3.amazonaws.com github-production-upload-manifest-file-7fdce7.s3.amazonaws.com github-production-user-asset-6210df.s3.amazonaws.com html-translator.herokuapp.com cdn.optimizely.com logx.optimizely.com/v1/events wss://alive.github.com; font-src github.githubassets.com; form-action 'self' github.com gist.github.com; frame-ancestors 'none'; frame-src render.githubusercontent.com; img-src 'self' data: github.githubassets.com identicons.github.com collector.githubapp.com github-cloud.s3.amazonaws.com secured-user-images.githubusercontent.com/ *.githubusercontent.com; manifest-src 'self'; media-src 'none'; script-src github.githubassets.com; style-src 'unsafe-inline' github.githubassets.com; worker-src github.com/socket-worker-3f088aa2.js gist.github.com/socket-worker-3f088aa2.js","x-github-request-id":"D3FC:7CA8:318B4F:3CD497:60B9C48E"}
[debug] [2021-06-04T06:13:34.275Z] >>> [apiv2][query] GET https://api.github.com/user [none]
[debug] [2021-06-04T06:13:34.605Z] <<< [apiv2][status] GET https://api.github.com/user 200
[debug] [2021-06-04T06:13:34.605Z] <<< [apiv2][body] GET https://api.github.com/user {"login":"DimanshuAbhishek","id":74294462,"node_id":"MDQ6VXNlcjc0Mjk0NDYy","avatar_url":"https://avatars.githubusercontent.com/u/74294462?v=4","gravatar_id":"","url":"https://api.github.com/users/DimanshuAbhishek","html_url":"https://github.com/DimanshuAbhishek","followers_url":"https://api.github.com/users/DimanshuAbhishek/followers","following_url":"https://api.github.com/users/DimanshuAbhishek/following{/other_user}","gists_url":"https://api.github.com/users/DimanshuAbhishek/gists{/gist_id}","starred_url":"https://api.github.com/users/DimanshuAbhishek/starred{/owner}{/repo}","subscriptions_url":"https://api.github.com/users/DimanshuAbhishek/subscriptions","organizations_url":"https://api.github.com/users/DimanshuAbhishek/orgs","repos_url":"https://api.github.com/users/DimanshuAbhishek/repos","events_url":"https://api.github.com/users/DimanshuAbhishek/events{/privacy}","received_events_url":"https://api.github.com/users/DimanshuAbhishek/received_events","type":"User","site_admin":false,"name":"Dimanshu Abhiushek","company":null,"blog":"","location":null,"email":null,"hireable":null,"bio":null,"twitter_username":null,"public_repos":4,"public_gists":0,"followers":0,"following":0,"created_at":"2020-11-11T09:09:22Z","updated_at":"2021-06-04T06:13:29Z","private_gists":0,"total_private_repos":3,"owned_private_repos":3,"disk_usage":139787,"collaborators":0,"two_factor_authentication":false,"plan":{"name":"free","space":976562499,"collaborators":0,"private_repos":10000}}
[info] 
[info] +  Success! Logged into GitHub as DimanshuAbhishek 
[info] 
[debug] [2021-06-04T06:14:12.257Z] >>> [apiv2][query] GET https://api.github.com/repos/user/actions/secrets/public-key type=owner
[debug] [2021-06-04T06:14:12.549Z] <<< [apiv2][status] GET https://api.github.com/repos/user/actions/secrets/public-key 404
[debug] [2021-06-04T06:14:12.549Z] <<< [apiv2][body] GET https://api.github.com/repos/user/actions/secrets/public-key {"message":"Not Found","documentation_url":"https://docs.github.com/rest"}
[debug] [2021-06-04T06:14:37.919Z] >>> [apiv2][query] GET https://api.github.com/repos/format:user/actions/secrets/public-key type=owner
[debug] [2021-06-04T06:14:38.231Z] <<< [apiv2][status] GET https://api.github.com/repos/format:user/actions/secrets/public-key 404
[debug] [2021-06-04T06:14:38.232Z] <<< [apiv2][body] GET https://api.github.com/repos/format:user/actions/secrets/public-key {"message":"Not Found","documentation_url":"https://docs.github.com/rest"}
[debug] [2021-06-04T06:14:49.833Z] >>> [apiv2][query] GET https://api.github.com/repos/index.html/actions/secrets/public-key type=owner
[debug] [2021-06-04T06:14:50.114Z] <<< [apiv2][status] GET https://api.github.com/repos/index.html/actions/secrets/public-key 404
[debug] [2021-06-04T06:14:50.114Z] <<< [apiv2][body] GET https://api.github.com/repos/index.html/actions/secrets/public-key {"message":"Not Found","documentation_url":"https://docs.github.com/rest"}
